{
  "RSpec": {
    "coverage": {
      "/home/dan/Documents/school/cs4711/equipo-wiki/app/models/admin.rb": [
        1,
        null,
        null,
        1,
        null,
        null
      ],
      "/home/dan/Documents/school/cs4711/equipo-wiki/app/models/application_record.rb": [
        1,
        1,
        null
      ],
      "/home/dan/Documents/school/cs4711/equipo-wiki/app/helpers/admins_helper.rb": [
        1,
        null
      ],
      "/home/dan/Documents/school/cs4711/equipo-wiki/app/helpers/application_helper.rb": [
        1,
        null
      ],
      "/home/dan/Documents/school/cs4711/equipo-wiki/app/helpers/article_helper.rb": [
        1,
        null
      ],
      "/home/dan/Documents/school/cs4711/equipo-wiki/app/helpers/articles_helper.rb": [
        1,
        null
      ],
      "/home/dan/Documents/school/cs4711/equipo-wiki/app/helpers/home_helper.rb": [
        1,
        null
      ],
      "/home/dan/Documents/school/cs4711/equipo-wiki/app/helpers/image_helper.rb": [
        1,
        null
      ],
      "/home/dan/Documents/school/cs4711/equipo-wiki/app/helpers/images_helper.rb": [
        1,
        null
      ],
      "/home/dan/Documents/school/cs4711/equipo-wiki/app/controllers/admins_controller.rb": [
        1,
        null,
        null
      ],
      "/home/dan/Documents/school/cs4711/equipo-wiki/app/controllers/application_controller.rb": [
        1,
        null
      ],
      "/home/dan/Documents/school/cs4711/equipo-wiki/app/controllers/articles_controller.rb": [
        1,
        1,
        1,
        null,
        null,
        1,
        0,
        null,
        null,
        1,
        0,
        null,
        null,
        1,
        0,
        0,
        0,
        null,
        0,
        null,
        null,
        null,
        null,
        null,
        1,
        0,
        0,
        0,
        0,
        0,
        null,
        null,
        null,
        1,
        0,
        null,
        null,
        1,
        0,
        0,
        0,
        null,
        0,
        null,
        null,
        null,
        1,
        null,
        1,
        0,
        null,
        null
      ],
      "/home/dan/Documents/school/cs4711/equipo-wiki/app/controllers/home_controller.rb": [
        1,
        1,
        null,
        null
      ],
      "/home/dan/Documents/school/cs4711/equipo-wiki/app/controllers/images_controller.rb": [
        1,
        1,
        null,
        null,
        null,
        1,
        2,
        null,
        null,
        null,
        null,
        1,
        null,
        null,
        null,
        1,
        1,
        null,
        null,
        null,
        1,
        null,
        null,
        null,
        null,
        1,
        2,
        null,
        2,
        2,
        4,
        2,
        null,
        0,
        0,
        null,
        null,
        null,
        null,
        null,
        null,
        1,
        1,
        1,
        2,
        1,
        null,
        0,
        0,
        null,
        null,
        null,
        null,
        null,
        null,
        1,
        2,
        2,
        4,
        2,
        null,
        null,
        null,
        1,
        null,
        1,
        5,
        null,
        null,
        null,
        1,
        3,
        null,
        null
      ],
      "/home/dan/Documents/school/cs4711/equipo-wiki/app/models/article.rb": [
        1,
        null
      ],
      "/home/dan/Documents/school/cs4711/equipo-wiki/app/models/image.rb": [
        1,
        null
      ],
      "/home/dan/Documents/school/cs4711/equipo-wiki/app/jobs/application_job.rb": [
        0,
        0
      ],
      "/home/dan/Documents/school/cs4711/equipo-wiki/app/mailers/application_mailer.rb": [
        0,
        0,
        0,
        0
      ],
      "/home/dan/Documents/school/cs4711/equipo-wiki/app/channels/application_cable/connection.rb": [
        0,
        0,
        0,
        0
      ],
      "/home/dan/Documents/school/cs4711/equipo-wiki/app/channels/application_cable/channel.rb": [
        0,
        0,
        0,
        0
      ]
    },
    "timestamp": 1543951859
  }
}
